{
  "RSpec": {
    "coverage": {
      "/Users/rajaaboulassouak/turing/3module2/week4/veeo-waypoint/app/helpers/application_helper.rb": [
        1,
        null
      ],
      "/Users/rajaaboulassouak/turing/3module2/week4/veeo-waypoint/app/models/user.rb": [
        1,
        null,
        1,
        1,
        1,
        1,
        1,
        1,
        1,
        1,
        1,
        null,
        null,
        null
      ],
      "/Users/rajaaboulassouak/turing/3module2/week4/veeo-waypoint/app/models/application_record.rb": [
        1,
        1,
        null
      ],
      "/Users/rajaaboulassouak/turing/3module2/week4/veeo-waypoint/app/controllers/home_controller.rb": [
        1,
        null,
        1,
        null,
        null,
        null
      ],
      "/Users/rajaaboulassouak/turing/3module2/week4/veeo-waypoint/app/controllers/application_controller.rb": [
        1,
        1,
        1,
        null,
        1,
        1,
        null,
        null,
        1,
        3,
        null,
        null,
        1,
        1,
        null,
        null
      ],
      "/Users/rajaaboulassouak/turing/3module2/week4/veeo-waypoint/app/controllers/sessions_controller.rb": [
        1,
        null,
        1,
        1,
        1,
        1,
        1,
        null,
        null
      ],
      "/Users/rajaaboulassouak/turing/3module2/week4/veeo-waypoint/app/controllers/topics_controller.rb": [
        1,
        1,
        null,
        1,
        null,
        null,
        null
      ],
      "/Users/rajaaboulassouak/turing/3module2/week4/veeo-waypoint/app/mailers/application_mailer.rb": [
        null,
        null,
        null,
        null
      ],
      "/Users/rajaaboulassouak/turing/3module2/week4/veeo-waypoint/app/jobs/application_job.rb": [
        null,
        null
      ],
      "/Users/rajaaboulassouak/turing/3module2/week4/veeo-waypoint/app/channels/application_cable/connection.rb": [
        null,
        null,
        null,
        null
      ],
      "/Users/rajaaboulassouak/turing/3module2/week4/veeo-waypoint/app/channels/application_cable/channel.rb": [
        null,
        null,
        null,
        null
      ]
    },
    "timestamp": 1545182510
  }
}
